[2022-03-01 18:21:55,468] {taskinstance.py:1037} INFO - Dependencies all met for <TaskInstance: dag_outliers2.read_process_write_file manual__2022-03-01T18:21:53.691599+00:00 [queued]>
[2022-03-01 18:21:55,481] {taskinstance.py:1037} INFO - Dependencies all met for <TaskInstance: dag_outliers2.read_process_write_file manual__2022-03-01T18:21:53.691599+00:00 [queued]>
[2022-03-01 18:21:55,481] {taskinstance.py:1243} INFO - 
--------------------------------------------------------------------------------
[2022-03-01 18:21:55,481] {taskinstance.py:1244} INFO - Starting attempt 1 of 1
[2022-03-01 18:21:55,481] {taskinstance.py:1245} INFO - 
--------------------------------------------------------------------------------
[2022-03-01 18:21:55,499] {taskinstance.py:1264} INFO - Executing <Task(PythonOperator): read_process_write_file> on 2022-03-01 18:21:53.691599+00:00
[2022-03-01 18:21:55,505] {standard_task_runner.py:52} INFO - Started process 534 to run task
[2022-03-01 18:21:55,513] {standard_task_runner.py:76} INFO - Running: ['***', 'tasks', 'run', 'dag_outliers2', 'read_process_write_file', 'manual__2022-03-01T18:21:53.691599+00:00', '--job-id', '43', '--raw', '--subdir', 'DAGS_FOLDER/dag_outliers.py', '--cfg-path', '/tmp/tmpb_28hk70', '--error-file', '/tmp/tmp6tny_trt']
[2022-03-01 18:21:55,514] {standard_task_runner.py:77} INFO - Job 43: Subtask read_process_write_file
[2022-03-01 18:21:55,576] {logging_mixin.py:109} INFO - Running <TaskInstance: dag_outliers2.read_process_write_file manual__2022-03-01T18:21:53.691599+00:00 [running]> on host 083589a500f4
[2022-03-01 18:21:55,620] {warnings.py:110} WARNING - /home/***/.local/lib/python3.7/site-packages/***/models/xcom.py:437: SAWarning: TypeDecorator UtcDateTime(timezone=True) will not produce a cache key because the ``cache_ok`` attribute is not set to True.  This can have significant performance implications including some performance degradations in comparison to prior SQLAlchemy versions.  Set this attribute to True if this type object's state is safe to use in a cache key, or False to disable this warning. (Background on this error at: https://sqlalche.me/e/14/cprf)
  return query.delete()

[2022-03-01 18:21:55,635] {warnings.py:110} WARNING - /home/***/.local/lib/python3.7/site-packages/***/models/renderedtifields.py:126: SAWarning: TypeDecorator UtcDateTime(timezone=True) will not produce a cache key because the ``cache_ok`` attribute is not set to True.  This can have significant performance implications including some performance degradations in comparison to prior SQLAlchemy versions.  Set this attribute to True if this type object's state is safe to use in a cache key, or False to disable this warning. (Background on this error at: https://sqlalche.me/e/14/cprf)
  session.merge(self)

[2022-03-01 18:21:55,648] {warnings.py:110} WARNING - /home/***/.local/lib/python3.7/site-packages/***/models/renderedtifields.py:162: SAWarning: Coercing Subquery object into a select() for use in IN(); please pass a select() construct explicitly
  tuple_(cls.dag_id, cls.task_id, cls.execution_date).notin_(subq1),

[2022-03-01 18:21:55,655] {warnings.py:110} WARNING - /home/***/.local/lib/python3.7/site-packages/***/models/renderedtifields.py:163: SAWarning: TypeDecorator UtcDateTime(timezone=True) will not produce a cache key because the ``cache_ok`` attribute is not set to True.  This can have significant performance implications including some performance degradations in comparison to prior SQLAlchemy versions.  Set this attribute to True if this type object's state is safe to use in a cache key, or False to disable this warning. (Background on this error at: https://sqlalche.me/e/14/cprf)
  ).delete(synchronize_session=False)

[2022-03-01 18:21:55,665] {taskinstance.py:1431} INFO - Exporting the following env vars:
AIRFLOW_CTX_DAG_OWNER=***
AIRFLOW_CTX_DAG_ID=dag_outliers2
AIRFLOW_CTX_TASK_ID=read_process_write_file
AIRFLOW_CTX_EXECUTION_DATE=2022-03-01T18:21:53.691599+00:00
AIRFLOW_CTX_DAG_RUN_ID=manual__2022-03-01T18:21:53.691599+00:00
[2022-03-01 18:21:55,666] {logging_mixin.py:109} INFO - a
[2022-03-01 18:21:55,667] {python.py:175} INFO - Done. Returned value was: None
[2022-03-01 18:21:55,682] {taskinstance.py:1282} INFO - Marking task as SUCCESS. dag_id=dag_outliers2, task_id=read_process_write_file, execution_date=20220301T182153, start_date=20220301T182155, end_date=20220301T182155
[2022-03-01 18:21:55,727] {local_task_job.py:154} INFO - Task exited with return code 0
[2022-03-01 18:21:55,748] {warnings.py:110} WARNING - /home/***/.local/lib/python3.7/site-packages/***/models/dag.py:1079: SADeprecationWarning: Query.value() is deprecated and will be removed in a future release.  Please use Query.with_entities() in combination with Query.scalar() (deprecated since: 1.4)
  return qry.value(DagModel.is_paused)

[2022-03-01 18:21:55,748] {warnings.py:110} WARNING - /home/***/.local/lib/python3.7/site-packages/***/models/dag.py:1079: SADeprecationWarning: Query.values() is deprecated and will be removed in a future release.  Please use Query.with_entities() (deprecated since: 1.4)
  return qry.value(DagModel.is_paused)

